Release 14.7 - xst P.20131013 (lin64)
Copyright (c) 1995-2013 Xilinx, Inc.  All rights reserved.
--> 
Parameter TMPDIR set to xst/projnav.tmp


Total REAL time to Xst completion: 0.00 secs
Total CPU time to Xst completion: 0.06 secs
 
--> 
Parameter xsthdpdir set to xst


Total REAL time to Xst completion: 0.00 secs
Total CPU time to Xst completion: 0.06 secs
 
--> 
Reading design: lab1top.prj

TABLE OF CONTENTS
  1) Synthesis Options Summary
  2) HDL Parsing
  3) HDL Elaboration
  4) HDL Synthesis
       4.1) HDL Synthesis Report
  5) Advanced HDL Synthesis
       5.1) Advanced HDL Synthesis Report
  6) Low Level Synthesis
  7) Partition Report
  8) Design Summary
       8.1) Primitive and Black Box Usage
       8.2) Device utilization summary
       8.3) Partition Resource Summary
       8.4) Timing Report
            8.4.1) Clock Information
            8.4.2) Asynchronous Control Signals Information
            8.4.3) Timing Summary
            8.4.4) Timing Details
            8.4.5) Cross Clock Domains Report


=========================================================================
*                      Synthesis Options Summary                        *
=========================================================================
---- Source Parameters
Input File Name                    : "lab1top.prj"
Ignore Synthesis Constraint File   : NO

---- Target Parameters
Output File Name                   : "lab1top"
Output Format                      : NGC
Target Device                      : xc6slx16-3-csg324

---- Source Options
Top Module Name                    : lab1top
Automatic FSM Extraction           : YES
FSM Encoding Algorithm             : Auto
Safe Implementation                : No
FSM Style                          : LUT
RAM Extraction                     : Yes
RAM Style                          : Auto
ROM Extraction                     : Yes
Shift Register Extraction          : YES
ROM Style                          : Auto
Resource Sharing                   : YES
Asynchronous To Synchronous        : NO
Shift Register Minimum Size        : 2
Use DSP Block                      : Auto
Automatic Register Balancing       : No

---- Target Options
LUT Combining                      : Auto
Reduce Control Sets                : Auto
Add IO Buffers                     : YES
Global Maximum Fanout              : 100000
Add Generic Clock Buffer(BUFG)     : 16
Register Duplication               : YES
Optimize Instantiated Primitives   : NO
Use Clock Enable                   : Auto
Use Synchronous Set                : Auto
Use Synchronous Reset              : Auto
Pack IO Registers into IOBs        : Auto
Equivalent register Removal        : YES

---- General Options
Optimization Goal                  : Speed
Optimization Effort                : 1
Power Reduction                    : NO
Keep Hierarchy                     : No
Netlist Hierarchy                  : As_Optimized
RTL Output                         : Yes
Global Optimization                : AllClockNets
Read Cores                         : YES
Write Timing Constraints           : NO
Cross Clock Analysis               : NO
Hierarchy Separator                : /
Bus Delimiter                      : <>
Case Specifier                     : Maintain
Slice Utilization Ratio            : 100
BRAM Utilization Ratio             : 100
DSP48 Utilization Ratio            : 100
Auto BRAM Packing                  : NO
Slice Utilization Ratio Delta      : 5

=========================================================================


=========================================================================
*                          HDL Parsing                                  *
=========================================================================
Parsing VHDL file "/home/benjamin/Documents/classes/DSD1/lab_1/nBitOr.vhd" into library work
Parsing entity <nBitOr>.
Parsing architecture <Dataflow> of entity <nbitor>.
Parsing VHDL file "/home/benjamin/Documents/classes/DSD1/lab_1/nBitLeftShift.vhd" into library work
Parsing entity <nBitLeftShift>.
Parsing architecture <struct> of entity <nbitleftshift>.
Parsing VHDL file "/home/benjamin/Documents/classes/DSD1/lab_1/lab1top.vhd" into library work
Parsing entity <lab1top>.
Parsing architecture <Structural> of entity <lab1top>.

=========================================================================
*                            HDL Elaboration                            *
=========================================================================

Elaborating entity <lab1top> (architecture <Structural>) with generics from library <work>.

Elaborating entity <nBitOr> (architecture <Dataflow>) with generics from library <work>.

Elaborating entity <nBitLeftShift> (architecture <struct>) with generics from library <work>.

=========================================================================
*                           HDL Synthesis                               *
=========================================================================

Synthesizing Unit <lab1top>.
    Related source file is "/home/benjamin/Documents/classes/DSD1/lab_1/lab1top.vhd".
        N = 13
    Summary:
	no macro.
Unit <lab1top> synthesized.

Synthesizing Unit <nBitOr>.
    Related source file is "/home/benjamin/Documents/classes/DSD1/lab_1/nBitOr.vhd".
        n = 13
    Summary:
	no macro.
Unit <nBitOr> synthesized.

Synthesizing Unit <nBitLeftShift>.
    Related source file is "/home/benjamin/Documents/classes/DSD1/lab_1/nBitLeftShift.vhd".
        n = 13
WARNING:Xst:647 - Input <B<12:4>> is never used. This port will be preserved and left unconnected if it belongs to a top-level block or it belongs to a sub-block and the hierarchy of this sub-block is preserved.
    Found 13-bit 13-to-1 multiplexer for signal <Y> created at line 53.
    Summary:
	inferred   1 Multiplexer(s).
Unit <nBitLeftShift> synthesized.

=========================================================================
HDL Synthesis Report

Macro Statistics
# Multiplexers                                         : 1
 13-bit 13-to-1 multiplexer                            : 1

=========================================================================

=========================================================================
*                       Advanced HDL Synthesis                          *
=========================================================================


=========================================================================
Advanced HDL Synthesis Report

Macro Statistics
# Multiplexers                                         : 1
 13-bit 13-to-1 multiplexer                            : 1

=========================================================================

=========================================================================
*                         Low Level Synthesis                           *
=========================================================================

Optimizing unit <lab1top> ...

Mapping all equations...
Building and optimizing final netlist ...
Found area constraint ratio of 100 (+ 5) on block lab1top, actual ratio is 0.

Final Macro Processing ...

=========================================================================
Final Register Report

Found no macro
=========================================================================

=========================================================================
*                           Partition Report                            *
=========================================================================

Partition Implementation Status
-------------------------------

  No Partitions were found in this design.

-------------------------------

=========================================================================
*                            Design Summary                             *
=========================================================================

Top Level Output File Name         : lab1top.ngc

Primitive and Black Box Usage:
------------------------------
# BELS                             : 41
#      LUT2                        : 14
#      LUT3                        : 4
#      LUT4                        : 2
#      LUT5                        : 7
#      LUT6                        : 14
# IO Buffers                       : 52
#      IBUF                        : 26
#      OBUF                        : 26

Device utilization summary:
---------------------------

Selected Device : 6slx16csg324-3 


Slice Logic Utilization: 
 Number of Slice LUTs:                   41  out of   9112     0%  
    Number used as Logic:                41  out of   9112     0%  

Slice Logic Distribution: 
 Number of LUT Flip Flop pairs used:     41
   Number with an unused Flip Flop:      41  out of     41   100%  
   Number with an unused LUT:             0  out of     41     0%  
   Number of fully used LUT-FF pairs:     0  out of     41     0%  
   Number of unique control sets:         0

IO Utilization: 
 Number of IOs:                          52
 Number of bonded IOBs:                  52  out of    232    22%  

Specific Feature Utilization:

---------------------------
Partition Resource Summary:
---------------------------

  No Partitions were found in this design.

---------------------------


=========================================================================
Timing Report

NOTE: THESE TIMING NUMBERS ARE ONLY A SYNTHESIS ESTIMATE.
      FOR ACCURATE TIMING INFORMATION PLEASE REFER TO THE TRACE REPORT
      GENERATED AFTER PLACE-and-ROUTE.

Clock Information:
------------------
No clock signals found in this design

Asynchronous Control Signals Information:
----------------------------------------
No asynchronous control signals found in this design

Timing Summary:
---------------
Speed Grade: -3

   Minimum period: No path found
   Minimum input arrival time before clock: No path found
   Maximum output required time after clock: No path found
   Maximum combinational path delay: 7.692ns

Timing Details:
---------------
All values displayed in nanoseconds (ns)

=========================================================================
Timing constraint: Default path analysis
  Total number of paths / destination ports: 200 / 26
-------------------------------------------------------------------------
Delay:               7.692ns (Levels of Logic = 5)
  Source:            B<0> (PAD)
  Destination:       sl_output<9> (PAD)

  Data Path: B<0> to sl_output<9>
                                Gate     Net
    Cell:in->out      fanout   Delay   Delay  Logical Name (Net Name)
    ----------------------------------------  ------------
     IBUF:I->O            19   1.222   1.300  B_0_IBUF (B_0_IBUF)
     LUT3:I0->O            1   0.205   0.580  B<0>91 (B<0>_mmx_out8)
     LUT6:I5->O            1   0.205   0.827  nBitLeftShift_0/Mmux_Y151 (nBitLeftShift_0/Mmux_Y15)
     LUT5:I1->O            1   0.203   0.579  nBitLeftShift_0/Mmux_Y153 (sl_output_9_OBUF)
     OBUF:I->O                 2.571          sl_output_9_OBUF (sl_output<9>)
    ----------------------------------------
    Total                      7.692ns (4.406ns logic, 3.286ns route)
                                       (57.3% logic, 42.7% route)

=========================================================================

Cross Clock Domains Report:
--------------------------

=========================================================================


Total REAL time to Xst completion: 5.00 secs
Total CPU time to Xst completion: 5.26 secs
 
--> 


Total memory usage is 380704 kilobytes

Number of errors   :    0 (   0 filtered)
Number of warnings :    1 (   0 filtered)
Number of infos    :    0 (   0 filtered)

