#-----------------------------------------------------------
# PlanAhead v14.7 (64-bit)
# Build 321239 by xbuild on Fri Sep 27 19:29:51 MDT 2013
# Start of session at: Thu Jan 25 19:20:29 2018
# Process ID: 5244
# Log file: C:/Users/bhm3791/Documents/DSDII/lab2/planAhead_run_2/planAhead.log
# Journal file: C:/Users/bhm3791/Documents/DSDII/lab2/planAhead_run_2/planAhead.jou
#-----------------------------------------------------------
INFO: [Common 17-78] Attempting to get a license: PlanAhead
INFO: [Common 17-290] Got license for PlanAhead
INFO: [Common 17-86] Your PlanAhead license expires in 6 day(s)
INFO: [Device 21-36] Loading parts and site information from C:/Xilinx/14.7/ISE_DS/PlanAhead/data/parts/arch.xml
Parsing RTL primitives file [C:/Xilinx/14.7/ISE_DS/PlanAhead/data/parts/xilinx/rtl/prims/rtl_prims.xml]
Finished parsing RTL primitives file [C:/Xilinx/14.7/ISE_DS/PlanAhead/data/parts/xilinx/rtl/prims/rtl_prims.xml]
start_gui
INFO: [Common 17-81] Feature available: PartialReconfiguration
source C:/Users/bhm3791/Documents/DSDII/lab2/pa.fromNetlist.tcl
# create_project -name lab2 -dir "C:/Users/bhm3791/Documents/DSDII/lab2/planAhead_run_2" -part xc6slx16csg324-3
# set_property design_mode GateLvl [get_property srcset [current_run -impl]]
# set_property edif_top_file "C:/Users/bhm3791/Documents/DSDII/lab2/lab1top.ngc" [ get_property srcset [ current_run ] ]
# add_files -norecurse { {C:/Users/bhm3791/Documents/DSDII/lab2} }
# set_property target_constrs_file "lab1top.ucf" [current_fileset -constrset]
Adding file 'C:/Users/bhm3791/Documents/DSDII/lab2/lab1top.ucf' to fileset 'constrs_1'
# add_files [list {lab1top.ucf}] -fileset [get_property constrset [current_run]]
# link_design
Design is defaulting to srcset: sources_1
Design is defaulting to constrset: constrs_1
Design is defaulting to project part: xc6slx16csg324-3
Release 14.7 - ngc2edif P.20131013 (nt64)
Copyright (c) 1995-2013 Xilinx, Inc.  All rights reserved.
Reading design lab1top.ngc ...
WARNING:NetListWriters:298 - No output is written to lab1top.xncf, ignored.
Processing design ...
   Preping design's networks ...
   Preping design's macros ...
  finished :Prep
Writing EDIF netlist file lab1top.edif ...
ngc2edif: Total memory usage is 78340 kilobytes

Parsing EDIF File [./planAhead_run_2/lab2.data/cache/lab1top_ngc_zx.edif]
Finished Parsing EDIF File [./planAhead_run_2/lab2.data/cache/lab1top_ngc_zx.edif]
Loading clock regions from C:/Xilinx/14.7/ISE_DS/PlanAhead/data\parts/xilinx/spartan6/spartan6lx/xc6slx16/ClockRegion.xml
Loading clock buffers from C:/Xilinx/14.7/ISE_DS/PlanAhead/data\parts/xilinx/spartan6/spartan6lx/xc6slx16/ClockBuffers.xml
Loading package pin functions from C:/Xilinx/14.7/ISE_DS/PlanAhead/data\parts/xilinx/spartan6/PinFunctions.xml...
Loading package from C:/Xilinx/14.7/ISE_DS/PlanAhead/data\parts/xilinx/spartan6/spartan6lx/xc6slx16/csg324/Package.xml
Loading io standards from C:/Xilinx/14.7/ISE_DS/PlanAhead/data\./parts/xilinx/spartan6/IOStandards.xml
Loading device configuration modes from C:/Xilinx/14.7/ISE_DS/PlanAhead/data\parts/xilinx/spartan6/ConfigModes.xml
Loading list of drcs for the architecture : C:/Xilinx/14.7/ISE_DS/PlanAhead/data\./parts/xilinx/spartan6/drc.xml
Parsing UCF File [C:/Users/bhm3791/Documents/DSDII/lab2/lab1top.ucf]
Finished Parsing UCF File [C:/Users/bhm3791/Documents/DSDII/lab2/lab1top.ucf]
INFO: [Project 1-111] Unisim Transformation Summary:
No Unisim elements were transformed.

Phase 0 | Netlist Checksum: d5d1d3fc
link_design: Time (s): elapsed = 00:00:08 . Memory (MB): peak = 607.137 ; gain = 172.766
set_property package_pin "" [get_ports [list  {XOR_Out[3]}]]
startgroup
set_property package_pin R11 [get_ports {XOR_Out[2]}]
endgroup
set_property package_pin "" [get_ports [list  {XOR_Out[1]}]]
set_property package_pin "" [get_ports [list  {XOR_Out[0]}]]
set_property package_pin "" [get_ports [list  {XOR_Out[2]}]]
startgroup
set_property package_pin T11 [get_ports {SL_Out[3]}]
endgroup
startgroup
set_property package_pin T11 [get_ports {SL_Out[3]}]
endgroup
startgroup
set_property package_pin R11 [get_ports {SL_Out[2]}]
endgroup
startgroup
set_property package_pin N11 [get_ports {SL_Out[1]}]
endgroup
startgroup
set_property package_pin M11 [get_ports {SL_Out[0]}]
endgroup
save_constraints
startgroup
set_property package_pin T11 [get_ports {SL_Out[3]}]
endgroup
startgroup
set_property package_pin R11 [get_ports {SL_Out[2]}]
endgroup
startgroup
set_property package_pin N11 [get_ports {SL_Out[1]}]
endgroup
startgroup
set_property package_pin M11 [get_ports {SL_Out[0]}]
endgroup
save_constraints
exit
ERROR: [PlanAhead 12-106] *** Exception: ui.h.b: Found deleted key in HTclEventBroker. Verify if the classes listed here call cleanup()
HTclEvent: SIGNAL_MODIFY   Classes: ui.views.aR 
HTclEvent: DEBUG_PORT_CONFIG_CHANGE   Classes: ui.views.aR 
HTclEvent: DEBUG_CORE_CONFIG_CHANGE   Classes: ui.views.aR 
HTclEvent: SIGNAL_BUS_MODIFY   Classes: ui.views.aR 
 (See C:/Users/bhm3791/Documents/DSDII/lab2\planAhead_pid5244.debug)
ERROR: [Common 17-39] 'stop_gui' failed due to earlier errors.
INFO: [Common 17-206] Exiting PlanAhead at Thu Jan 25 19:25:29 2018...
INFO: [Common 17-83] Releasing license: PlanAhead
