Command line:
   ut_r_file_isim_beh.exe
     -simmode  gui
     -simrunnum  0
     -socket  49971

Thu Feb 15 18:31:00 2018


 Elaboration Time: 0.01 sec

 Current Memory Usage: 196.362 Meg

 Total Signals          : 69
 Total Nets             : 116
 Total Signal Drivers   : 26
 Total Blocks           : 25
 Total Primitive Blocks : 15
 Total Processes        : 20
 Total Traceable Variables  : 63
 Total Scalar Nets and Variables : 799
Total Line Count : 54

 Total Simulation Time: 0.11 sec

 Current Memory Usage: 271.864 Meg

Thu Feb 15 18:34:39 2018

