--------------------------------------------------------------------------------
Release 14.7 Trace  (lin64)
Copyright (c) 1995-2013 Xilinx, Inc.  All rights reserved.

/opt/Xilinx/14.7/ISE_DS/ISE/bin/lin64/unwrapped/trce -intstyle ise -v 3 -s 3 -n
3 -fastpaths -xml decoder.twx decoder.ncd -o decoder.twr decoder.pcf

Design file:              decoder.ncd
Physical constraint file: decoder.pcf
Device,package,speed:     xc6slx16,csg324,C,-3 (PRODUCTION 1.23 2013-10-13)
Report level:             verbose report

Environment Variable      Effect 
--------------------      ------ 
NONE                      No environment variables were set
--------------------------------------------------------------------------------

INFO:Timing:2698 - No timing constraints found, doing default enumeration.
INFO:Timing:3412 - To improve timing, see the Timing Closure User Guide (UG612).
INFO:Timing:2752 - To get complete path coverage, use the unconstrained paths 
   option. All paths that are not constrained will be reported in the 
   unconstrained paths section(s) of the report.
INFO:Timing:3339 - The clock-to-out numbers in this timing report are based on 
   a 50 Ohm transmission line loading model.  For the details of this model, 
   and for more information on accounting for different loading conditions, 
   please see the device datasheet.



Data Sheet report:
-----------------
All values displayed in nanoseconds (ns)

Pad to Pad
---------------+---------------+---------+
Source Pad     |Destination Pad|  Delay  |
---------------+---------------+---------+
A<0>           |Y<0>           |    6.817|
A<0>           |Y<1>           |    6.642|
A<0>           |Y<2>           |    6.268|
A<0>           |Y<3>           |    6.570|
A<0>           |Y<4>           |    6.356|
A<0>           |Y<5>           |    6.708|
A<0>           |Y<6>           |    6.467|
A<0>           |Y<7>           |    6.596|
A<1>           |Y<0>           |    7.011|
A<1>           |Y<1>           |    6.560|
A<1>           |Y<2>           |    6.186|
A<1>           |Y<3>           |    6.736|
A<1>           |Y<4>           |    6.522|
A<1>           |Y<5>           |    6.631|
A<1>           |Y<6>           |    6.390|
A<1>           |Y<7>           |    6.790|
A<2>           |Y<0>           |    6.309|
A<2>           |Y<1>           |    6.625|
A<2>           |Y<2>           |    6.251|
A<2>           |Y<3>           |    6.501|
A<2>           |Y<4>           |    6.287|
A<2>           |Y<5>           |    6.681|
A<2>           |Y<6>           |    6.440|
A<2>           |Y<7>           |    6.088|
---------------+---------------+---------+


Analysis completed Thu Feb  8 21:18:02 2018 
--------------------------------------------------------------------------------

Trace Settings:
-------------------------
Trace Settings 

Peak Memory Usage: 388 MB



