ISim log file
Running: /home/benjamin/Documents/notes/DSDII/lab2/ise/ut_r_file_isim_beh.exe -intstyle ise -gui -tclbatch isim.cmd -wdb /home/benjamin/Documents/notes/DSDII/lab2/ise/ut_r_file_isim_beh.wdb 
ISim P.20131013 (signature 0xfbc00daa)
WARNING: A WEBPACK license was found.
WARNING: Please use Xilinx License Configuration Manager to check out a full ISim license.
WARNING: ISim will run in Lite mode. Please refer to the ISim documentation for more information on the differences between the Lite and the Full version.
This is a Lite version of ISim.
Time resolution is 1 ps
# onerror resume
# wave add /
# run 1000 ns
Simulator is doing circuit initialization process.
at 0 ps, Instance /ut_r_file/reg1/dec/ : Warning: NUMERIC_STD.TO_INTEGER: metavalue detected, returning 0
at 0 ps, Instance /ut_r_file/reg1/mux1/ : Warning: NUMERIC_STD.TO_INTEGER: metavalue detected, returning 0
at 0 ps, Instance /ut_r_file/reg1/mux2/ : Warning: NUMERIC_STD.TO_INTEGER: metavalue detected, returning 0
Finished circuit initialization process.
at 50 ns(2), Instance /ut_r_file/reg1/mux1/ : Warning: NUMERIC_STD.TO_INTEGER: metavalue detected, returning 0
at 50 ns(2), Instance /ut_r_file/reg1/mux2/ : Warning: NUMERIC_STD.TO_INTEGER: metavalue detected, returning 0
# run all
# run all
# step
# exit 0
