Release 14.7 - xst P.20131013 (nt64)
Copyright (c) 1995-2013 Xilinx, Inc.  All rights reserved.
--> Parameter TMPDIR set to xst/projnav.tmp


Total REAL time to Xst completion: 0.00 secs
Total CPU time to Xst completion: 0.11 secs
 
--> Parameter xsthdpdir set to xst


Total REAL time to Xst completion: 0.00 secs
Total CPU time to Xst completion: 0.11 secs
 
--> Reading design: r_file.prj

TABLE OF CONTENTS
  1) Synthesis Options Summary
  2) HDL Parsing
  3) HDL Elaboration
  4) HDL Synthesis
       4.1) HDL Synthesis Report
  5) Advanced HDL Synthesis
       5.1) Advanced HDL Synthesis Report
  6) Low Level Synthesis
  7) Partition Report
  8) Design Summary
       8.1) Primitive and Black Box Usage
       8.2) Device utilization summary
       8.3) Partition Resource Summary
       8.4) Timing Report
            8.4.1) Clock Information
            8.4.2) Asynchronous Control Signals Information
            8.4.3) Timing Summary
            8.4.4) Timing Details
            8.4.5) Cross Clock Domains Report


=========================================================================
*                      Synthesis Options Summary                        *
=========================================================================
---- Source Parameters
Input File Name                    : "r_file.prj"
Ignore Synthesis Constraint File   : NO

---- Target Parameters
Output File Name                   : "r_file"
Output Format                      : NGC
Target Device                      : xc6slx16-3-csg324

---- Source Options
Top Module Name                    : r_file
Automatic FSM Extraction           : YES
FSM Encoding Algorithm             : Auto
Safe Implementation                : No
FSM Style                          : LUT
RAM Extraction                     : Yes
RAM Style                          : Auto
ROM Extraction                     : Yes
Shift Register Extraction          : YES
ROM Style                          : Auto
Resource Sharing                   : YES
Asynchronous To Synchronous        : NO
Shift Register Minimum Size        : 2
Use DSP Block                      : Auto
Automatic Register Balancing       : No

---- Target Options
LUT Combining                      : Auto
Reduce Control Sets                : Auto
Add IO Buffers                     : YES
Global Maximum Fanout              : 100000
Add Generic Clock Buffer(BUFG)     : 16
Register Duplication               : YES
Optimize Instantiated Primitives   : NO
Use Clock Enable                   : Auto
Use Synchronous Set                : Auto
Use Synchronous Reset              : Auto
Pack IO Registers into IOBs        : Auto
Equivalent register Removal        : YES

---- General Options
Optimization Goal                  : Speed
Optimization Effort                : 1
Power Reduction                    : NO
Keep Hierarchy                     : No
Netlist Hierarchy                  : As_Optimized
RTL Output                         : Yes
Global Optimization                : AllClockNets
Read Cores                         : YES
Write Timing Constraints           : NO
Cross Clock Analysis               : NO
Hierarchy Separator                : /
Bus Delimiter                      : <>
Case Specifier                     : Maintain
Slice Utilization Ratio            : 100
BRAM Utilization Ratio             : 100
DSP48 Utilization Ratio            : 100
Auto BRAM Packing                  : NO
Slice Utilization Ratio Delta      : 5

=========================================================================


=========================================================================
*                          HDL Parsing                                  *
=========================================================================
Parsing VHDL file "C:\Users\bhm3791\projects\DSDII\lab2\src\so_eddgy.vhd" into library work
Parsing package <so_eddgy>.
Parsing package body <so_eddgy>.
Parsing VHDL file "C:\Users\bhm3791\projects\DSDII\lab2\src\mux.vhd" into library work
Parsing entity <mux>.
Parsing architecture <Dataflow> of entity <mux>.
Parsing VHDL file "C:\Users\bhm3791\projects\DSDII\lab2\src\module.vhd" into library work
Parsing entity <module>.
Parsing architecture <behav> of entity <module>.
Parsing VHDL file "C:\Users\bhm3791\projects\DSDII\lab2\src\decoder.vhd" into library work
Parsing entity <decoder>.
Parsing architecture <Dataflow> of entity <decoder>.
Parsing VHDL file "C:\Users\bhm3791\projects\DSDII\lab2\src\r_file.vhd" into library work
Parsing entity <r_file>.
Parsing architecture <behav> of entity <r_file>.

=========================================================================
*                            HDL Elaboration                            *
=========================================================================

Elaborating entity <r_file> (architecture <behav>) from library <work>.

Elaborating entity <decoder> (architecture <Dataflow>) with generics from library <work>.

Elaborating entity <mux> (architecture <Dataflow>) with generics from library <work>.

Elaborating entity <module> (architecture <behav>) with generics from library <work>.

=========================================================================
*                           HDL Synthesis                               *
=========================================================================

Synthesizing Unit <r_file>.
    Related source file is "C:\Users\bhm3791\projects\DSDII\lab2\src\r_file.vhd".
    Summary:
	no macro.
Unit <r_file> synthesized.

Synthesizing Unit <decoder>.
    Related source file is "C:\Users\bhm3791\projects\DSDII\lab2\src\decoder.vhd".
        n_out = 8
    Summary:
	no macro.
Unit <decoder> synthesized.

Synthesizing Unit <mux>.
    Related source file is "C:\Users\bhm3791\projects\DSDII\lab2\src\mux.vhd".
        n_in = 8
    Found 8-bit 8-to-1 multiplexer for signal <Y> created at line 17.
    Summary:
	inferred   1 Multiplexer(s).
Unit <mux> synthesized.

Synthesizing Unit <module>.
    Related source file is "C:\Users\bhm3791\projects\DSDII\lab2\src\module.vhd".
        r = "00000000"
    Found 8-bit register for signal <output>.
    Summary:
	inferred   8 D-type flip-flop(s).
Unit <module> synthesized.

=========================================================================
HDL Synthesis Report

Macro Statistics
# Registers                                            : 8
 8-bit register                                        : 8
# Multiplexers                                         : 2
 8-bit 8-to-1 multiplexer                              : 2

=========================================================================

=========================================================================
*                       Advanced HDL Synthesis                          *
=========================================================================


=========================================================================
Advanced HDL Synthesis Report

Macro Statistics
# Registers                                            : 64
 Flip-Flops                                            : 64
# Multiplexers                                         : 2
 8-bit 8-to-1 multiplexer                              : 2

=========================================================================

=========================================================================
*                         Low Level Synthesis                           *
=========================================================================

Optimizing unit <r_file> ...

Mapping all equations...
Building and optimizing final netlist ...
Found area constraint ratio of 100 (+ 5) on block r_file, actual ratio is 1.

Final Macro Processing ...

=========================================================================
Final Register Report

Macro Statistics
# Registers                                            : 64
 Flip-Flops                                            : 64

=========================================================================

=========================================================================
*                           Partition Report                            *
=========================================================================

Partition Implementation Status
-------------------------------

  No Partitions were found in this design.

-------------------------------

=========================================================================
*                            Design Summary                             *
=========================================================================

Top Level Output File Name         : r_file.ngc

Primitive and Black Box Usage:
------------------------------
# BELS                             : 56
#      LUT4                        : 8
#      LUT6                        : 32
#      MUXF7                       : 16
# FlipFlops/Latches                : 64
#      FDCE                        : 64
# Clock Buffers                    : 1
#      BUFGP                       : 1
# IO Buffers                       : 35
#      IBUF                        : 19
#      OBUF                        : 16

Device utilization summary:
---------------------------

Selected Device : 6slx16csg324-3 


Slice Logic Utilization: 
 Number of Slice Registers:              64  out of  18224     0%  
 Number of Slice LUTs:                   40  out of   9112     0%  
    Number used as Logic:                40  out of   9112     0%  

Slice Logic Distribution: 
 Number of LUT Flip Flop pairs used:     84
   Number with an unused Flip Flop:      20  out of     84    23%  
   Number with an unused LUT:            44  out of     84    52%  
   Number of fully used LUT-FF pairs:    20  out of     84    23%  
   Number of unique control sets:         8

IO Utilization: 
 Number of IOs:                          36
 Number of bonded IOBs:                  36  out of    232    15%  

Specific Feature Utilization:
 Number of BUFG/BUFGCTRLs:                1  out of     16     6%  

---------------------------
Partition Resource Summary:
---------------------------

  No Partitions were found in this design.

---------------------------


=========================================================================
Timing Report

NOTE: THESE TIMING NUMBERS ARE ONLY A SYNTHESIS ESTIMATE.
      FOR ACCURATE TIMING INFORMATION PLEASE REFER TO THE TRACE REPORT
      GENERATED AFTER PLACE-and-ROUTE.

Clock Information:
------------------
-----------------------------------+------------------------+-------+
Clock Signal                       | Clock buffer(FF name)  | Load  |
-----------------------------------+------------------------+-------+
clk                                | BUFGP                  | 64    |
-----------------------------------+------------------------+-------+

Asynchronous Control Signals Information:
----------------------------------------
No asynchronous control signals found in this design

Timing Summary:
---------------
Speed Grade: -3

   Minimum period: No path found
   Minimum input arrival time before clock: 3.598ns
   Maximum output required time after clock: 4.804ns
   Maximum combinational path delay: 6.084ns

Timing Details:
---------------
All values displayed in nanoseconds (ns)

=========================================================================
Timing constraint: Default OFFSET IN BEFORE for Clock 'clk'
  Total number of paths / destination ports: 384 / 192
-------------------------------------------------------------------------
Offset:              3.598ns (Levels of Logic = 2)
  Source:            wr<0> (PAD)
  Destination:       registers[7].reg/output_7 (FF)
  Destination Clock: clk rising

  Data Path: wr<0> to registers[7].reg/output_7
                                Gate     Net
    Cell:in->out      fanout   Delay   Delay  Logical Name (Net Name)
    ----------------------------------------  ------------
     IBUF:I->O             8   1.222   1.050  wr_0_IBUF (wr_0_IBUF)
     LUT4:I0->O            8   0.203   0.802  reg_enable<0>1 (reg_enable<0>)
     FDCE:CE                   0.322          registers[0].reg/output_0
    ----------------------------------------
    Total                      3.598ns (1.747ns logic, 1.851ns route)
                                       (48.6% logic, 51.4% route)

=========================================================================
Timing constraint: Default OFFSET OUT AFTER for Clock 'clk'
  Total number of paths / destination ports: 128 / 16
-------------------------------------------------------------------------
Offset:              4.804ns (Levels of Logic = 3)
  Source:            registers[6].reg/output_7 (FF)
  Destination:       out1<7> (PAD)
  Source Clock:      clk rising

  Data Path: registers[6].reg/output_7 to out1<7>
                                Gate     Net
    Cell:in->out      fanout   Delay   Delay  Logical Name (Net Name)
    ----------------------------------------  ------------
     FDCE:C->Q             2   0.447   0.864  registers[6].reg/output_7 (registers[6].reg/output_7)
     LUT6:I2->O            1   0.203   0.000  mux2/Mmux_Y_37 (mux2/Mmux_Y_37)
     MUXF7:I1->O           1   0.140   0.579  mux2/Mmux_Y_2_f7_6 (out2_7_OBUF)
     OBUF:I->O                 2.571          out2_7_OBUF (out2<7>)
    ----------------------------------------
    Total                      4.804ns (3.361ns logic, 1.443ns route)
                                       (70.0% logic, 30.0% route)

=========================================================================
Timing constraint: Default path analysis
  Total number of paths / destination ports: 80 / 16
-------------------------------------------------------------------------
Delay:               6.084ns (Levels of Logic = 4)
  Source:            rd1<1> (PAD)
  Destination:       out1<7> (PAD)

  Data Path: rd1<1> to out1<7>
                                Gate     Net
    Cell:in->out      fanout   Delay   Delay  Logical Name (Net Name)
    ----------------------------------------  ------------
     IBUF:I->O            16   1.222   1.369  rd1_1_IBUF (rd1_1_IBUF)
     LUT6:I0->O            1   0.203   0.000  mux1/Mmux_Y_3 (mux1/Mmux_Y_3)
     MUXF7:I1->O           1   0.140   0.579  mux1/Mmux_Y_2_f7 (out1_0_OBUF)
     OBUF:I->O                 2.571          out1_0_OBUF (out1<0>)
    ----------------------------------------
    Total                      6.084ns (4.136ns logic, 1.948ns route)
                                       (68.0% logic, 32.0% route)

=========================================================================

Cross Clock Domains Report:
--------------------------

=========================================================================


Total REAL time to Xst completion: 4.00 secs
Total CPU time to Xst completion: 4.06 secs
 
--> 

Total memory usage is 260492 kilobytes

Number of errors   :    0 (   0 filtered)
Number of warnings :    0 (   0 filtered)
Number of infos    :    0 (   0 filtered)

