Command line:
   lab1tb_isim_beh.exe
     -simmode  gui
     -simrunnum  0
     -socket  49769

Thu Feb  8 14:46:32 2018


 Elaboration Time: 0.02 sec

 Current Memory Usage: 196.334 Meg

 Total Signals          : 35
 Total Nets             : 64
 Total Signal Drivers   : 22
 Total Blocks           : 25
 Total Primitive Blocks : 15
 Total Processes        : 21
 Total Traceable Variables  : 28
 Total Scalar Nets and Variables : 562
Total Line Count : 24
In process nBitLeftShift.vhd:53 
 

 Total Simulation Time: 0.03 sec

 Current Memory Usage: 271.835 Meg

Thu Feb  8 14:52:35 2018

