Release 14.7 - ngc2edif P.20131013 (lin64)
Copyright (c) 1995-2013 Xilinx, Inc.  All rights reserved.
Reading design Usr_interaction.ngc ...
WARNING:NetListWriters:298 - No output is written to Usr_interaction.xncf,
   ignored.
Processing design ...
   Preping design's networks ...
   Preping design's macros ...
WARNING:NetListWriters:306 - Signal bus
   instance0_vending_machine_controller/Madd_current_state_money[31]_GND_8_o_add
   _5_OUT_lut<2 : 0> on block Usr_interaction is not reconstructed, because
   there are some missing bus signals.
WARNING:NetListWriters:306 - Signal bus
   instance0_vending_machine_controller/Madd_current_state_money[31]_GND_8_o_add
   _3_OUT_lut<3 : 1> on block Usr_interaction is not reconstructed, because
   there are some missing bus signals.
WARNING:NetListWriters:306 - Signal bus
   instance0_vending_machine_controller/Madd_current_state_money[31]_GND_8_o_add
   _1_OUT_lut<4 : 0> on block Usr_interaction is not reconstructed, because
   there are some missing bus signals.
WARNING:NetListWriters:306 - Signal bus
   instance0_vending_machine_controller/n0065<30 : 0> on block Usr_interaction
   is not reconstructed, because there are some missing bus signals.
  finished :Prep
Writing EDIF netlist file Usr_interaction.edif ...
ngc2edif: Total memory usage is 105000 kilobytes

Release 14.7 - ngc2edif P.20131013 (lin64)
Copyright (c) 1995-2013 Xilinx, Inc.  All rights reserved.
Reading design Usr_interaction.ngc ...
WARNING:NetListWriters:298 - No output is written to Usr_interaction.xncf,
   ignored.
Processing design ...
   Preping design's networks ...
   Preping design's macros ...
WARNING:NetListWriters:306 - Signal bus
   instance0_vending_machine_controller/Madd_current_state_money[31]_GND_8_o_add
   _5_OUT_lut<2 : 0> on block Usr_interaction is not reconstructed, because
   there are some missing bus signals.
WARNING:NetListWriters:306 - Signal bus
   instance0_vending_machine_controller/Madd_current_state_money[31]_GND_8_o_add
   _3_OUT_lut<3 : 1> on block Usr_interaction is not reconstructed, because
   there are some missing bus signals.
WARNING:NetListWriters:306 - Signal bus
   instance0_vending_machine_controller/Madd_current_state_money[31]_GND_8_o_add
   _1_OUT_lut<4 : 0> on block Usr_interaction is not reconstructed, because
   there are some missing bus signals.
WARNING:NetListWriters:306 - Signal bus
   instance0_vending_machine_controller/n0065<30 : 0> on block Usr_interaction
   is not reconstructed, because there are some missing bus signals.
  finished :Prep
Writing EDIF netlist file Usr_interaction.edif ...
ngc2edif: Total memory usage is 105000 kilobytes

Release 14.7 - ngc2edif P.20131013 (lin64)
Copyright (c) 1995-2013 Xilinx, Inc.  All rights reserved.
Reading design Usr_interaction.ngc ...
WARNING:NetListWriters:298 - No output is written to Usr_interaction.xncf,
   ignored.
Processing design ...
   Preping design's networks ...
   Preping design's macros ...
WARNING:NetListWriters:306 - Signal bus
   instance0_vending_machine_controller/Madd_current_state_money[31]_GND_8_o_add
   _5_OUT_lut<2 : 0> on block Usr_interaction is not reconstructed, because
   there are some missing bus signals.
WARNING:NetListWriters:306 - Signal bus
   instance0_vending_machine_controller/Madd_current_state_money[31]_GND_8_o_add
   _3_OUT_lut<3 : 1> on block Usr_interaction is not reconstructed, because
   there are some missing bus signals.
WARNING:NetListWriters:306 - Signal bus
   instance0_vending_machine_controller/Madd_current_state_money[31]_GND_8_o_add
   _1_OUT_lut<4 : 0> on block Usr_interaction is not reconstructed, because
   there are some missing bus signals.
WARNING:NetListWriters:306 - Signal bus
   instance0_vending_machine_controller/mix<11 : 4> on block Usr_interaction is
   not reconstructed, because there are some missing bus signals.
WARNING:NetListWriters:306 - Signal bus
   instance0_vending_machine_controller/n0230<30 : 0> on block Usr_interaction
   is not reconstructed, because there are some missing bus signals.
  finished :Prep
Writing EDIF netlist file Usr_interaction.edif ...
ngc2edif: Total memory usage is 105252 kilobytes

Release 14.7 - ngc2edif P.20131013 (lin64)
Copyright (c) 1995-2013 Xilinx, Inc.  All rights reserved.
Reading design Usr_interaction.ngc ...
WARNING:NetListWriters:298 - No output is written to Usr_interaction.xncf,
   ignored.
Processing design ...
   Preping design's networks ...
   Preping design's macros ...
WARNING:NetListWriters:306 - Signal bus
   instance0_vending_machine_controller/Madd_current_state_money[31]_GND_8_o_add
   _5_OUT_lut<2 : 0> on block Usr_interaction is not reconstructed, because
   there are some missing bus signals.
WARNING:NetListWriters:306 - Signal bus
   instance0_vending_machine_controller/Madd_current_state_money[31]_GND_8_o_add
   _3_OUT_lut<3 : 1> on block Usr_interaction is not reconstructed, because
   there are some missing bus signals.
WARNING:NetListWriters:306 - Signal bus
   instance0_vending_machine_controller/Madd_current_state_money[31]_GND_8_o_add
   _1_OUT_lut<4 : 0> on block Usr_interaction is not reconstructed, because
   there are some missing bus signals.
WARNING:NetListWriters:306 - Signal bus
   instance0_vending_machine_controller/mix<11 : 4> on block Usr_interaction is
   not reconstructed, because there are some missing bus signals.
WARNING:NetListWriters:306 - Signal bus
   instance0_vending_machine_controller/n0230<30 : 0> on block Usr_interaction
   is not reconstructed, because there are some missing bus signals.
  finished :Prep
Writing EDIF netlist file Usr_interaction.edif ...
ngc2edif: Total memory usage is 105256 kilobytes

