    ____  ____
   /   /\/   /
  /___/  \  /    VENDOR      : Xilinx Inc.
  \   \   \/     VERSION     : 14.7 (P.20131013)
   \   \         APPLICATION : C:\Xilinx\14.7\ISE_DS\ISE\bin\nt64\unwrapped\compxlib.exe
   /   /         CONTENTS    : Compilation Log
  /___/   /\     FILENAME    : compxlib.log
  \   \  /  \    
   \___\/\___\

Release 14.7 - C:\Xilinx\14.7\ISE_DS\ISE\bin\nt64\unwrapped\compxlib.exe 14.7 (nt64)
Copyright (c) 1995-2013 Xilinx, Inc.  All rights reserved.

Processing command line ...
Library Source Paths => 'C:/Xilinx/14.7/ISE_DS/ISE'
Current Working Directory => 'C:\Users\bhm3791\Documents\DSDII\lab2'
Compilation Mode = FAST
Execute Mode = ON
Scheduling library installation & compilation for architectures: spartan6

Scheduling library installation & compilation for libraries: simprim unisim xilinxcorelib edk

Signature:-
------------------------------------------------------------------------------
C:\Xilinx\14.7\ISE_DS\ISE\bin\nt64\unwrapped\compxlib.exe -s mti_se -l vhdl -p C:/MentorGraphics/win64 -arch spartan6 -lib unisim -lib simprim -lib xilinxcorelib -lib edk -exclude_superseded -intstyle ise 
------------------------------------------------------------------------------

Setting up the simulator 'mti_se' for compilation ...
The executable path is set to 'C:/MentorGraphics/win64' ...
Setting up the source libraries for simulator 'mti_se' ...
Retrieving the .pao files for EDK library ...
Building the library hierarchies from the .pao files for EDK library ...
