Release 14.7 - ngc2edif P.20131013 (nt64)
Copyright (c) 1995-2013 Xilinx, Inc.  All rights reserved.
Reading design lab1top.ngc ...
WARNING:NetListWriters:298 - No output is written to lab1top.xncf, ignored.
Processing design ...
   Preping design's networks ...
   Preping design's macros ...
  finished :Prep
Writing EDIF netlist file lab1top.edif ...
ngc2edif: Total memory usage is 78340 kilobytes

Release 14.7 - ngc2edif P.20131013 (nt64)
Copyright (c) 1995-2013 Xilinx, Inc.  All rights reserved.
Reading design lab1top.ngc ...
WARNING:NetListWriters:298 - No output is written to lab1top.xncf, ignored.
Processing design ...
   Preping design's networks ...
   Preping design's macros ...
  finished :Prep
Writing EDIF netlist file lab1top.edif ...
ngc2edif: Total memory usage is 78340 kilobytes

Release 14.7 - ngc2edif P.20131013 (lin64)
Copyright (c) 1995-2013 Xilinx, Inc.  All rights reserved.
Reading design lab1top.ngc ...
WARNING:NetListWriters:298 - No output is written to lab1top.xncf, ignored.
Processing design ...
   Preping design's networks ...
   Preping design's macros ...
  finished :Prep
Writing EDIF netlist file lab1top.edif ...
ngc2edif: Total memory usage is 103708 kilobytes

Release 14.7 - ngc2edif P.20131013 (lin64)
Copyright (c) 1995-2013 Xilinx, Inc.  All rights reserved.
Reading design lab1top.ngc ...
WARNING:NetListWriters:298 - No output is written to lab1top.xncf, ignored.
Processing design ...
   Preping design's networks ...
   Preping design's macros ...
  finished :Prep
Writing EDIF netlist file lab1top.edif ...
ngc2edif: Total memory usage is 103716 kilobytes

