Command line:
   r_file_isim_par.exe
     -simmode  gui
     -sdfmax  /r_file/=netgen/par/r_file_timesim.sdf
     -sdfroot  /
     -simrunnum  0
     -socket  54225

Thu Feb 15 18:27:01 2018


 Elaboration Time: 0.06 sec

 Current Memory Usage: 209.4 Meg

 Total Signals          : 3255
 Total Nets             : 2094
 Total Signal Drivers   : 2023
 Total Blocks           : 766
 Total Primitive Blocks : 419
 Total Processes        : 2023
 Total Traceable Variables  : 4789
 Total Scalar Nets and Variables : 20768
Total Line Count : 7033

 Total Simulation Time: 0.15 sec

 Current Memory Usage: 284.979 Meg

Thu Feb 15 18:27:46 2018

