Release 14.7 - ngc2edif P.20131013 (nt64)
Copyright (c) 1995-2013 Xilinx, Inc.  All rights reserved.
Reading design alu.ngc ...
WARNING:NetListWriters:298 - No output is written to alu.xncf, ignored.
Processing design ...
   Preping design's networks ...
   Preping design's macros ...
WARNING:NetListWriters:306 - Signal bus shift/shifts<7 : 0> on block alu is not
   reconstructed, because there are some missing bus signals.
WARNING:NetListWriters:306 - Signal bus arithmetic/subtractor/carries<6 : 2> on
   block alu is not reconstructed, because there are some missing bus signals.
WARNING:NetListWriters:306 - Signal bus arithmetic/adder/carries<6 : 2> on block
   alu is not reconstructed, because there are some missing bus signals.
WARNING:NetListWriters:306 - Signal bus arithmetic/ars/fa_carries<4 : 1> on
   block alu is not reconstructed, because there are some missing bus signals.
  finished :Prep
Writing EDIF netlist file alu.edif ...
ngc2edif: Total memory usage is 78596 kilobytes

Release 14.7 - ngc2edif P.20131013 (nt64)
Copyright (c) 1995-2013 Xilinx, Inc.  All rights reserved.
Reading design alu.ngc ...
WARNING:NetListWriters:298 - No output is written to alu.xncf, ignored.
Processing design ...
   Preping design's networks ...
   Preping design's macros ...
WARNING:NetListWriters:306 - Signal bus shift/shifts<7 : 0> on block alu is not
   reconstructed, because there are some missing bus signals.
WARNING:NetListWriters:306 - Signal bus arithmetic/subtractor/carries<6 : 2> on
   block alu is not reconstructed, because there are some missing bus signals.
WARNING:NetListWriters:306 - Signal bus arithmetic/adder/carries<6 : 2> on block
   alu is not reconstructed, because there are some missing bus signals.
WARNING:NetListWriters:306 - Signal bus arithmetic/ars/fa_carries<4 : 1> on
   block alu is not reconstructed, because there are some missing bus signals.
  finished :Prep
Writing EDIF netlist file alu.edif ...
ngc2edif: Total memory usage is 78084 kilobytes

Release 14.7 - ngc2edif P.20131013 (nt64)
Copyright (c) 1995-2013 Xilinx, Inc.  All rights reserved.
Reading design alu.ngc ...
WARNING:NetListWriters:298 - No output is written to alu.xncf, ignored.
Processing design ...
   Preping design's networks ...
   Preping design's macros ...
WARNING:NetListWriters:306 - Signal bus shift/shifts<7 : 0> on block alu is not
   reconstructed, because there are some missing bus signals.
WARNING:NetListWriters:306 - Signal bus arithmetic/subtractor/carries<6 : 2> on
   block alu is not reconstructed, because there are some missing bus signals.
WARNING:NetListWriters:306 - Signal bus arithmetic/adder/carries<6 : 2> on block
   alu is not reconstructed, because there are some missing bus signals.
WARNING:NetListWriters:306 - Signal bus arithmetic/ars/fa_carries<4 : 1> on
   block alu is not reconstructed, because there are some missing bus signals.
  finished :Prep
Writing EDIF netlist file alu.edif ...
ngc2edif: Total memory usage is 78148 kilobytes

