
****** PlanAhead v14.7 (64-bit)
  **** Build 321239 by xbuild on Fri Sep 27 19:24:36 MDT 2013
    ** Copyright 1986-1999, 2001-2013 Xilinx, Inc. All Rights Reserved.

INFO: [Common 17-78] Attempting to get a license: PlanAhead
INFO: [Common 17-290] Got license for PlanAhead
INFO: [Device 21-36] Loading parts and site information from /opt/Xilinx/14.7/ISE_DS/PlanAhead/data/parts/arch.xml
Parsing RTL primitives file [/opt/Xilinx/14.7/ISE_DS/PlanAhead/data/parts/xilinx/rtl/prims/rtl_prims.xml]
Finished parsing RTL primitives file [/opt/Xilinx/14.7/ISE_DS/PlanAhead/data/parts/xilinx/rtl/prims/rtl_prims.xml]
start_gui
source /home/benjamin/Documents/classes/DSD1/lab2/pa.fromNetlist.tcl
# create_project -name lab2 -dir "/home/benjamin/Documents/classes/DSD1/lab2/planAhead_run_3" -part xc6slx16csg324-3
# set_property design_mode GateLvl [get_property srcset [current_run -impl]]
# set_property edif_top_file "/home/benjamin/Documents/classes/DSD1/lab2/lab1top.ngc" [ get_property srcset [ current_run ] ]
# add_files -norecurse { {/home/benjamin/Documents/classes/DSD1/lab2} }
# set_property target_constrs_file "lab1top.ucf" [current_fileset -constrset]
Adding file '/home/benjamin/Documents/classes/DSD1/lab2/lab1top.ucf' to fileset 'constrs_1'
# add_files [list {lab1top.ucf}] -fileset [get_property constrset [current_run]]
# link_design
Design is defaulting to srcset: sources_1
Design is defaulting to constrset: constrs_1
Design is defaulting to project part: xc6slx16csg324-3
Release 14.7 - ngc2edif P.20131013 (lin64)
Copyright (c) 1995-2013 Xilinx, Inc.  All rights reserved.

Release 14.7 - ngc2edif P.20131013 (lin64)
Copyright (c) 1995-2013 Xilinx, Inc.  All rights reserved.
Reading design lab1top.ngc ...
WARNING:NetListWriters:298 - No output is written to lab1top.xncf, ignored.
Processing design ...
   Preping design's networks ...
   Preping design's macros ...
  finished :Prep
Writing EDIF netlist file lab1top.edif ...
ngc2edif: Total memory usage is 103708 kilobytes

Parsing EDIF File [./planAhead_run_3/lab2.data/cache/lab1top_ngc_cfc9fb9f.edif]
Finished Parsing EDIF File [./planAhead_run_3/lab2.data/cache/lab1top_ngc_cfc9fb9f.edif]
Loading clock regions from /opt/Xilinx/14.7/ISE_DS/PlanAhead/data/parts/xilinx/spartan6/spartan6lx/xc6slx16/ClockRegion.xml
Loading clock buffers from /opt/Xilinx/14.7/ISE_DS/PlanAhead/data/parts/xilinx/spartan6/spartan6lx/xc6slx16/ClockBuffers.xml
Loading package pin functions from /opt/Xilinx/14.7/ISE_DS/PlanAhead/data/parts/xilinx/spartan6/PinFunctions.xml...
Loading package from /opt/Xilinx/14.7/ISE_DS/PlanAhead/data/parts/xilinx/spartan6/spartan6lx/xc6slx16/csg324/Package.xml
Loading io standards from /opt/Xilinx/14.7/ISE_DS/PlanAhead/data/./parts/xilinx/spartan6/IOStandards.xml
Loading device configuration modes from /opt/Xilinx/14.7/ISE_DS/PlanAhead/data/parts/xilinx/spartan6/ConfigModes.xml
Loading list of drcs for the architecture : /opt/Xilinx/14.7/ISE_DS/PlanAhead/data/./parts/xilinx/spartan6/drc.xml
Parsing UCF File [/home/benjamin/Documents/classes/DSD1/lab2/lab1top.ucf]
Finished Parsing UCF File [/home/benjamin/Documents/classes/DSD1/lab2/lab1top.ucf]
INFO: [Project 1-111] Unisim Transformation Summary:
No Unisim elements were transformed.

Phase 0 | Netlist Checksum: d5d1d3fc
link_design: Time (s): cpu = 00:00:16 ; elapsed = 00:00:09 . Memory (MB): peak = 2968.117 ; gain = 204.297
set_property package_pin "" [get_ports [list  {SL_Out[3]}]]
set_property package_pin "" [get_ports [list  {SL_Out[2]}]]
startgroup
set_property package_pin N11 [get_ports {SL_Out[1]}]
endgroup
set_property package_pin "" [get_ports [list  {SL_Out[0]}]]
set_property package_pin "" [get_ports [list  {SL_Out[1]}]]
startgroup
set_property package_pin T11 [get_ports {AND_Out[3]}]
endgroup
startgroup
set_property package_pin R11 [get_ports {AND_Out[2]}]
endgroup
startgroup
set_property package_pin N11 [get_ports {AND_Out[1]}]
endgroup
startgroup
set_property package_pin M11 [get_ports {AND_Out[0]}]
endgroup
save_constraints
exit
ERROR: [Common 17-39] 'stop_gui' failed due to earlier errors.
INFO: [Common 17-206] Exiting PlanAhead at Thu Jan 25 22:47:09 2018...
INFO: [Common 17-83] Releasing license: PlanAhead
